<?xml version="1.0" encoding="UTF-8"?>
<testsuite xmlns:xsi="http://www.w3.org/2001/XMLSchema-instance" xsi:noNamespaceSchemaLocation="https://maven.apache.org/surefire/maven-surefire-plugin/xsd/surefire-test-report-3.0.xsd" version="3.0" name="StringCalculatorJUnitTest" time="0.035" tests="4" errors="0" skipped="0" failures="0">
  <properties>
[...]
</properties>
  <testcase name="shouldReturnSumOfMultipleNumbersWithFractionPartGiven" classname="StringCalculatorJUnitTest" time="0.02">
    <system-out><![CDATA[2.5
5.3
10
30.7
15
]]></system-out>
  </testcase>
  <testcase name="shouldReturn0ForEmptyString" classname="StringCalculatorJUnitTest" time="0.001"/>
  <testcase name="shouldReturnMessageWhenDoubleSeparatingCharacterFound" classname="StringCalculatorJUnitTest" time="0.003"/>
  <testcase name="shouldReturnMessageWhenDoubleSeparatingCharacterFoundRevert" classname="StringCalculatorJUnitTest" time="0.001"/>
</testsuite>